<?xml version="1.0" encoding="UTF-8"?>
<coverage generated="1692229587256" clover="3.2.0">
  <project timestamp="1692229587256" name="All files">
    <metrics statements="35" coveredstatements="32" conditionals="18" coveredconditionals="13" methods="8" coveredmethods="5" elements="61" coveredelements="50" complexity="0" loc="35" ncloc="35" packages="2" files="2" classes="2"/>
    <package name="express-jobly">
      <metrics statements="8" coveredstatements="5" conditionals="4" coveredconditionals="0" methods="5" coveredmethods="2"/>
      <file name="expressError.js" path="/Users/danielchou/Documents/Rithm/week-7/day-3/express-jobly/expressError.js">
        <metrics statements="8" coveredstatements="5" conditionals="4" coveredconditionals="0" methods="5" coveredmethods="2"/>
        <line num="11" count="3" type="stmt"/>
        <line num="12" count="3" type="stmt"/>
        <line num="13" count="3" type="stmt"/>
        <line num="21" count="0" type="stmt"/>
        <line num="29" count="0" type="stmt"/>
        <line num="37" count="3" type="stmt"/>
        <line num="45" count="0" type="stmt"/>
        <line num="49" count="1" type="stmt"/>
      </file>
    </package>
    <package name="express-jobly.helpers">
      <metrics statements="27" coveredstatements="27" conditionals="14" coveredconditionals="13" methods="3" coveredmethods="3"/>
      <file name="sql.js" path="/Users/danielchou/Documents/Rithm/week-7/day-3/express-jobly/helpers/sql.js">
        <metrics statements="27" coveredstatements="27" conditionals="14" coveredconditionals="13" methods="3" coveredmethods="3"/>
        <line num="3" count="1" type="stmt"/>
        <line num="34" count="3" type="stmt"/>
        <line num="35" count="3" type="cond" truecount="2" falsecount="0"/>
        <line num="38" count="2" type="stmt"/>
        <line num="39" count="4" type="cond" truecount="2" falsecount="0"/>
        <line num="41" count="2" type="stmt"/>
        <line num="42" count="2" type="stmt"/>
        <line num="44" count="2" type="stmt"/>
        <line num="50" count="1" type="stmt"/>
        <line num="64" count="5" type="stmt"/>
        <line num="66" count="5" type="cond" truecount="2" falsecount="0"/>
        <line num="67" count="1" type="stmt"/>
        <line num="70" count="4" type="cond" truecount="2" falsecount="0"/>
        <line num="71" count="1" type="stmt"/>
        <line num="74" count="3" type="stmt"/>
        <line num="76" count="3" type="stmt"/>
        <line num="77" count="6" type="cond" truecount="2" falsecount="0"/>
        <line num="78" count="2" type="stmt"/>
        <line num="79" count="4" type="cond" truecount="2" falsecount="0"/>
        <line num="80" count="1" type="stmt"/>
        <line num="81" count="1" type="stmt"/>
        <line num="82" count="3" type="cond" truecount="1" falsecount="1"/>
        <line num="83" count="3" type="stmt"/>
        <line num="84" count="3" type="stmt"/>
        <line num="95" count="3" type="stmt"/>
        <line num="97" count="3" type="stmt"/>
        <line num="105" count="1" type="stmt"/>
      </file>
    </package>
  </project>
</coverage>
