{"/Users/danielchou/Documents/Rithm/week-7/day-3/express-jobly/expressError.js": {"path":"/Users/danielchou/Documents/Rithm/week-7/day-3/express-jobly/expressError.js","statementMap":{"0":{"start":{"line":11,"column":4},"end":{"line":11,"column":12}},"1":{"start":{"line":12,"column":4},"end":{"line":12,"column":27}},"2":{"start":{"line":13,"column":4},"end":{"line":13,"column":25}},"3":{"start":{"line":21,"column":4},"end":{"line":21,"column":24}},"4":{"start":{"line":29,"column":4},"end":{"line":29,"column":24}},"5":{"start":{"line":37,"column":4},"end":{"line":37,"column":24}},"6":{"start":{"line":45,"column":4},"end":{"line":45,"column":24}},"7":{"start":{"line":49,"column":0},"end":{"line":55,"column":2}}},"fnMap":{"0":{"name":"(anonymous_0)","decl":{"start":{"line":10,"column":2},"end":{"line":10,"column":3}},"loc":{"start":{"line":10,"column":31},"end":{"line":14,"column":3}},"line":10},"1":{"name":"(anonymous_1)","decl":{"start":{"line":20,"column":2},"end":{"line":20,"column":3}},"loc":{"start":{"line":20,"column":37},"end":{"line":22,"column":3}},"line":20},"2":{"name":"(anonymous_2)","decl":{"start":{"line":28,"column":2},"end":{"line":28,"column":3}},"loc":{"start":{"line":28,"column":40},"end":{"line":30,"column":3}},"line":28},"3":{"name":"(anonymous_3)","decl":{"start":{"line":36,"column":2},"end":{"line":36,"column":3}},"loc":{"start":{"line":36,"column":39},"end":{"line":38,"column":3}},"line":36},"4":{"name":"(anonymous_4)","decl":{"start":{"line":44,"column":2},"end":{"line":44,"column":3}},"loc":{"start":{"line":44,"column":37},"end":{"line":46,"column":3}},"line":44}},"branchMap":{"0":{"loc":{"start":{"line":20,"column":14},"end":{"line":20,"column":35}},"type":"default-arg","locations":[{"start":{"line":20,"column":24},"end":{"line":20,"column":35}}],"line":20},"1":{"loc":{"start":{"line":28,"column":14},"end":{"line":28,"column":38}},"type":"default-arg","locations":[{"start":{"line":28,"column":24},"end":{"line":28,"column":38}}],"line":28},"2":{"loc":{"start":{"line":36,"column":14},"end":{"line":36,"column":37}},"type":"default-arg","locations":[{"start":{"line":36,"column":24},"end":{"line":36,"column":37}}],"line":36},"3":{"loc":{"start":{"line":44,"column":14},"end":{"line":44,"column":35}},"type":"default-arg","locations":[{"start":{"line":44,"column":24},"end":{"line":44,"column":35}}],"line":44}},"s":{"0":3,"1":3,"2":3,"3":0,"4":0,"5":3,"6":0,"7":1},"f":{"0":3,"1":0,"2":0,"3":3,"4":0},"b":{"0":[0],"1":[0],"2":[0],"3":[0]},"_coverageSchema":"1a1c01bbd47fc00a2c39e90264f33305004495a9","hash":"a08f4edae72e73d44d0c3acdbf38b32fe5365e3a"}
,"/Users/danielchou/Documents/Rithm/week-7/day-3/express-jobly/helpers/sql.js": {"path":"/Users/danielchou/Documents/Rithm/week-7/day-3/express-jobly/helpers/sql.js","statementMap":{"0":{"start":{"line":3,"column":28},"end":{"line":3,"column":54}},"1":{"start":{"line":34,"column":15},"end":{"line":34,"column":40}},"2":{"start":{"line":35,"column":2},"end":{"line":35,"column":62}},"3":{"start":{"line":35,"column":25},"end":{"line":35,"column":62}},"4":{"start":{"line":38,"column":15},"end":{"line":40,"column":3}},"5":{"start":{"line":39,"column":6},"end":{"line":39,"column":52}},"6":{"start":{"line":41,"column":2},"end":{"line":41,"column":29}},"7":{"start":{"line":42,"column":2},"end":{"line":42,"column":51}},"8":{"start":{"line":44,"column":2},"end":{"line":47,"column":4}},"9":{"start":{"line":50,"column":0},"end":{"line":50,"column":41}},"10":{"start":{"line":64,"column":15},"end":{"line":64,"column":37}},"11":{"start":{"line":66,"column":2},"end":{"line":68,"column":3}},"12":{"start":{"line":67,"column":4},"end":{"line":67,"column":41}},"13":{"start":{"line":70,"column":2},"end":{"line":72,"column":3}},"14":{"start":{"line":71,"column":4},"end":{"line":71,"column":77}},"15":{"start":{"line":74,"column":21},"end":{"line":74,"column":23}},"16":{"start":{"line":76,"column":2},"end":{"line":85,"column":5}},"17":{"start":{"line":76,"column":14},"end":{"line":76,"column":15}},"18":{"start":{"line":77,"column":4},"end":{"line":85,"column":4}},"19":{"start":{"line":78,"column":6},"end":{"line":78,"column":48}},"20":{"start":{"line":79,"column":11},"end":{"line":85,"column":4}},"21":{"start":{"line":80,"column":6},"end":{"line":80,"column":52}},"22":{"start":{"line":81,"column":6},"end":{"line":81,"column":62}},"23":{"start":{"line":82,"column":11},"end":{"line":85,"column":4}},"24":{"start":{"line":83,"column":6},"end":{"line":83,"column":52}},"25":{"start":{"line":84,"column":6},"end":{"line":84,"column":62}},"26":{"start":{"line":95,"column":0},"end":{"line":95,"column":39}},"27":{"start":{"line":97,"column":0},"end":{"line":100,"column":2}},"28":{"start":{"line":105,"column":0},"end":{"line":108,"column":2}}},"fnMap":{"0":{"name":"sqlForPartialUpdate","decl":{"start":{"line":33,"column":9},"end":{"line":33,"column":28}},"loc":{"start":{"line":33,"column":52},"end":{"line":48,"column":1}},"line":33},"1":{"name":"(anonymous_1)","decl":{"start":{"line":38,"column":24},"end":{"line":38,"column":25}},"loc":{"start":{"line":39,"column":6},"end":{"line":39,"column":52}},"line":39},"2":{"name":"getFilteredQuery","decl":{"start":{"line":63,"column":9},"end":{"line":63,"column":25}},"loc":{"start":{"line":63,"column":36},"end":{"line":102,"column":1}},"line":63}},"branchMap":{"0":{"loc":{"start":{"line":35,"column":2},"end":{"line":35,"column":62}},"type":"if","locations":[{"start":{"line":35,"column":2},"end":{"line":35,"column":62}},{"start":{},"end":{}}],"line":35},"1":{"loc":{"start":{"line":39,"column":10},"end":{"line":39,"column":37}},"type":"binary-expr","locations":[{"start":{"line":39,"column":10},"end":{"line":39,"column":26}},{"start":{"line":39,"column":30},"end":{"line":39,"column":37}}],"line":39},"2":{"loc":{"start":{"line":66,"column":2},"end":{"line":68,"column":3}},"type":"if","locations":[{"start":{"line":66,"column":2},"end":{"line":68,"column":3}},{"start":{},"end":{}}],"line":66},"3":{"loc":{"start":{"line":70,"column":2},"end":{"line":72,"column":3}},"type":"if","locations":[{"start":{"line":70,"column":2},"end":{"line":72,"column":3}},{"start":{},"end":{}}],"line":70},"4":{"loc":{"start":{"line":77,"column":4},"end":{"line":85,"column":4}},"type":"if","locations":[{"start":{"line":77,"column":4},"end":{"line":85,"column":4}},{"start":{"line":79,"column":11},"end":{"line":85,"column":4}}],"line":77},"5":{"loc":{"start":{"line":79,"column":11},"end":{"line":85,"column":4}},"type":"if","locations":[{"start":{"line":79,"column":11},"end":{"line":85,"column":4}},{"start":{"line":82,"column":11},"end":{"line":85,"column":4}}],"line":79},"6":{"loc":{"start":{"line":82,"column":11},"end":{"line":85,"column":4}},"type":"if","locations":[{"start":{"line":82,"column":11},"end":{"line":85,"column":4}},{"start":{},"end":{}}],"line":82}},"s":{"0":1,"1":3,"2":3,"3":1,"4":2,"5":4,"6":2,"7":2,"8":2,"9":1,"10":5,"11":5,"12":1,"13":4,"14":1,"15":3,"16":3,"17":3,"18":6,"19":2,"20":4,"21":1,"22":1,"23":3,"24":3,"25":3,"26":3,"27":3,"28":1},"f":{"0":3,"1":4,"2":5},"b":{"0":[1,2],"1":[4,2],"2":[1,4],"3":[1,3],"4":[2,4],"5":[1,3],"6":[3,0]},"_coverageSchema":"1a1c01bbd47fc00a2c39e90264f33305004495a9","hash":"34a3b3810a8cadce33afff620e06750ccfe7a678"}
}
