TN:
SF:expressError.js
FN:10,(anonymous_0)
FN:20,(anonymous_1)
FN:28,(anonymous_2)
FN:36,(anonymous_3)
FN:44,(anonymous_4)
FNF:5
FNH:2
FNDA:3,(anonymous_0)
FNDA:0,(anonymous_1)
FNDA:0,(anonymous_2)
FNDA:3,(anonymous_3)
FNDA:0,(anonymous_4)
DA:11,3
DA:12,3
DA:13,3
DA:21,0
DA:29,0
DA:37,3
DA:45,0
DA:49,1
LF:8
LH:5
BRDA:20,0,0,0
BRDA:28,1,0,0
BRDA:36,2,0,0
BRDA:44,3,0,0
BRF:4
BRH:0
end_of_record
TN:
SF:helpers/sql.js
FN:33,sqlForPartialUpdate
FN:38,(anonymous_1)
FN:63,getFilteredQuery
FNF:3
FNH:3
FNDA:3,sqlForPartialUpdate
FNDA:4,(anonymous_1)
FNDA:5,getFilteredQuery
DA:3,1
DA:34,3
DA:35,3
DA:38,2
DA:39,4
DA:41,2
DA:42,2
DA:44,2
DA:50,1
DA:64,5
DA:66,5
DA:67,1
DA:70,4
DA:71,1
DA:74,3
DA:76,3
DA:77,6
DA:78,2
DA:79,4
DA:80,1
DA:81,1
DA:82,3
DA:83,3
DA:84,3
DA:95,3
DA:97,3
DA:105,1
LF:27
LH:27
BRDA:35,0,0,1
BRDA:35,0,1,2
BRDA:39,1,0,4
BRDA:39,1,1,2
BRDA:66,2,0,1
BRDA:66,2,1,4
BRDA:70,3,0,1
BRDA:70,3,1,3
BRDA:77,4,0,2
BRDA:77,4,1,4
BRDA:79,5,0,1
BRDA:79,5,1,3
BRDA:82,6,0,3
BRDA:82,6,1,0
BRF:14
BRH:13
end_of_record
